<?xml version="1.0" encoding="UTF-8"?>
<testng-results ignored="0" total="2" passed="2" failed="0" skipped="0">
  <reporter-output>
  </reporter-output>
  <suite started-at="2024-08-19T13:20:19 IST" name="Default suite" finished-at="2024-08-19T13:20:20 IST" duration-ms="1380">
    <groups>
    </groups>
    <test started-at="2024-08-19T13:20:19 IST" name="Default test" finished-at="2024-08-19T13:20:20 IST" duration-ms="1380">
      <class name="ABC_041_RequestSpec_for_MultipleTests1.RequestSpecDemo">
        <test-method is-config="true" signature="getCommonSpec()[pri:0, instance:ABC_041_RequestSpec_for_MultipleTests1.RequestSpecDemo@2d52216b]" started-at="2024-08-19T13:20:19 IST" name="getCommonSpec" finished-at="2024-08-19T13:20:19 IST" duration-ms="414" status="PASS">
          <reporter-output>
          </reporter-output>
        </test-method> <!-- getCommonSpec -->
        <test-method signature="test_with_parameters()[pri:0, instance:ABC_041_RequestSpec_for_MultipleTests1.RequestSpecDemo@2d52216b]" started-at="2024-08-19T13:20:19 IST" name="test_with_parameters" finished-at="2024-08-19T13:20:20 IST" duration-ms="851" status="PASS">
          <reporter-output>
          </reporter-output>
        </test-method> <!-- test_with_parameters -->
        <test-method signature="test_without_parameters()[pri:0, instance:ABC_041_RequestSpec_for_MultipleTests1.RequestSpecDemo@2d52216b]" started-at="2024-08-19T13:20:20 IST" name="test_without_parameters" finished-at="2024-08-19T13:20:20 IST" duration-ms="67" status="PASS">
          <reporter-output>
          </reporter-output>
        </test-method> <!-- test_without_parameters -->
      </class> <!-- ABC_041_RequestSpec_for_MultipleTests1.RequestSpecDemo -->
    </test> <!-- Default test -->
  </suite> <!-- Default suite -->
</testng-results>
