<?xml version="1.0" encoding="UTF-8"?>
<!-- Generated by org.testng.reporters.JUnitXMLReporter -->
<testsuite ignored="0" hostname="TR13IT0HI1KA2010" failures="0" tests="2" name="Default test" time="1.38" errors="0" timestamp="2024-08-19T13:20:20 IST">
  <testcase classname="ABC_041_RequestSpec_for_MultipleTests1.RequestSpecDemo" name="test_with_parameters" time="0.851"/>
  <testcase classname="ABC_041_RequestSpec_for_MultipleTests1.RequestSpecDemo" name="test_without_parameters" time="0.067"/>
</testsuite> <!-- Default test -->
